<?xml version="1.0" encoding="UTF-8"?>
<!-- Generated by org.testng.reporters.JUnitReportReporter -->
<testsuite skipped="0" hostname="infinity" name="com.java.tesNG.TakeScreenshot" tests="1" failures="0" timestamp="16 Mar 2019 13:48:42 GMT" time="6.112" errors="0">
  <testcase name="CaptureScreeshot" time="6.112" classname="com.java.tesNG.TakeScreenshot"/>
</testsuite> <!-- com.java.tesNG.TakeScreenshot -->
