<?xml version="1.0" encoding="UTF-8"?>
<!-- Generated by org.testng.reporters.JUnitReportReporter -->
<testsuite skipped="0" hostname="infinity" name="com.java.tesNG.TestNGPriorityAnnotation" tests="6" failures="0" timestamp="16 Mar 2019 06:04:48 GMT" time="0.036" errors="0">
  <testcase name="f_method" time="0.003" classname="com.java.tesNG.TestNGPriorityAnnotation"/>
  <testcase name="d_method" time="0.003" classname="com.java.tesNG.TestNGPriorityAnnotation"/>
  <testcase name="c_method" time="0.003" classname="com.java.tesNG.TestNGPriorityAnnotation"/>
  <testcase name="a_method" time="0.022" classname="com.java.tesNG.TestNGPriorityAnnotation"/>
  <testcase name="e_method" time="0.002" classname="com.java.tesNG.TestNGPriorityAnnotation"/>
  <testcase name="b_method" time="0.003" classname="com.java.tesNG.TestNGPriorityAnnotation"/>
</testsuite> <!-- com.java.tesNG.TestNGPriorityAnnotation -->
