<?xml version="1.0" encoding="UTF-8"?>
<!-- Generated by org.testng.reporters.JUnitReportReporter -->
<testsuite skipped="0" hostname="infinity" name="com.java.tesNG.PriorityAnnotation" tests="6" failures="0" timestamp="16 Mar 2019 07:20:30 GMT" time="0.031" errors="0">
  <testcase name="ZMethod" time="0.018" classname="com.java.tesNG.PriorityAnnotation"/>
  <testcase name="BMethod" time="0.003" classname="com.java.tesNG.PriorityAnnotation"/>
  <testcase name="NMethod" time="0.003" classname="com.java.tesNG.PriorityAnnotation"/>
  <testcase name="DMethod" time="0.002" classname="com.java.tesNG.PriorityAnnotation"/>
  <testcase name="CMethod" time="0.003" classname="com.java.tesNG.PriorityAnnotation"/>
  <testcase name="AMethod" time="0.002" classname="com.java.tesNG.PriorityAnnotation"/>
</testsuite> <!-- com.java.tesNG.PriorityAnnotation -->
