<?xml version="1.0" encoding="UTF-8"?>
<!-- Generated by org.testng.reporters.JUnitReportReporter -->
<testsuite skipped="0" hostname="infinity" name="com.java.tesNG.newTest" tests="3" failures="0" timestamp="08 Mar 2019 14:52:10 GMT" time="0.079" errors="0">
  <testcase name="adduser" time="0.057" classname="com.java.tesNG.newTest"/>
  <testcase name="addcustomer" time="0.006" classname="com.java.tesNG.newTest"/>
  <testcase name="addproduct" time="0.016" classname="com.java.tesNG.newTest"/>
</testsuite> <!-- com.java.tesNG.newTest -->
