<?xml version="1.0" encoding="UTF-8"?>
<!-- Generated by org.testng.reporters.JUnitReportReporter -->
<testsuite skipped="0" hostname="infinity" name="com.java.tesNG.NewTest1" tests="2" failures="0" timestamp="08 Mar 2019 13:54:51 GMT" time="0.020" errors="0">
  <testcase name="addclient" time="0.018" classname="com.java.tesNG.NewTest1"/>
  <testcase name="addSales" time="0.002" classname="com.java.tesNG.NewTest1"/>
</testsuite> <!-- com.java.tesNG.NewTest1 -->
